<?xml version="1.0" encoding="UTF-8"?>
<!-- Generated by org.testng.reporters.JUnitReportReporter -->
<testsuite skipped="0" hostname="LAP13651" name="com.webui.loginpage.Class_01_Login_Into_The_System" tests="1" failures="0" timestamp="2022-01-11T15:34:26 ICT" time="7.027" errors="0">
  <testcase name="TC_01_Login_With_Incorrect_UserName_And_Passowrd" time="7.027" classname="com.webui.loginpage.Class_01_Login_Into_The_System"/>
  <system-out/>
</testsuite> <!-- com.webui.loginpage.Class_01_Login_Into_The_System -->
